2016-01-15 16:41:10,386 [Worker-8] INFO  o.e.m.c.i.p.ProjectConfigurationManager - Collecting project info '/pom.xml' C:\git-repository\Java-Reference-Code\REST with Spring Boot\workspace\springbootrest\pom.xml
2016-01-15 16:41:11,961 [Worker-8] INFO  o.e.m.c.i.e.AbstractTransferListenerAdapter - Downloading https://repo.pointclickcare.com/artifactory/public/org/apache/maven/maven-plugin-api/2.0.9/maven-plugin-api-2.0.9.jar
2016-01-15 16:41:12,006 [Worker-8] INFO  o.e.m.c.i.e.AbstractTransferListenerAdapter - Downloaded https://repo.pointclickcare.com/artifactory/public/org/apache/maven/maven-plugin-api/2.0.9/maven-plugin-api-2.0.9.jar
2016-01-15 16:41:12,343 [Worker-8] INFO  o.e.m.c.i.e.AbstractTransferListenerAdapter - Downloading https://repo.pointclickcare.com/artifactory/public/org/apache/maven/maven-artifact/2.0.9/maven-artifact-2.0.9.jar
2016-01-15 16:41:12,380 [Worker-8] INFO  o.e.m.c.i.e.AbstractTransferListenerAdapter - Downloaded https://repo.pointclickcare.com/artifactory/public/org/apache/maven/maven-artifact/2.0.9/maven-artifact-2.0.9.jar
2016-01-15 16:41:12,706 [Worker-8] INFO  o.e.m.c.i.e.AbstractTransferListenerAdapter - Downloading https://repo.pointclickcare.com/artifactory/public/org/apache/maven/maven-core/2.0.9/maven-core-2.0.9.jar
2016-01-15 16:41:12,912 [Worker-8] INFO  o.e.m.c.i.e.AbstractTransferListenerAdapter - Downloaded https://repo.pointclickcare.com/artifactory/public/org/apache/maven/maven-core/2.0.9/maven-core-2.0.9.jar
2016-01-15 16:41:13,137 [Worker-8] INFO  o.e.m.c.i.e.AbstractTransferListenerAdapter - Downloading https://repo.pointclickcare.com/artifactory/public/org/apache/maven/maven-settings/2.0.9/maven-settings-2.0.9.jar
2016-01-15 16:41:13,208 [Worker-8] INFO  o.e.m.c.i.e.AbstractTransferListenerAdapter - Downloaded https://repo.pointclickcare.com/artifactory/public/org/apache/maven/maven-settings/2.0.9/maven-settings-2.0.9.jar
2016-01-15 16:41:13,276 [Worker-8] INFO  o.e.m.c.i.e.AbstractTransferListenerAdapter - Downloading https://repo.pointclickcare.com/artifactory/public/org/apache/maven/maven-plugin-parameter-documenter/2.0.9/maven-plugin-parameter-documenter-2.0.9.jar
2016-01-15 16:41:13,306 [Worker-8] INFO  o.e.m.c.i.e.AbstractTransferListenerAdapter - Downloaded https://repo.pointclickcare.com/artifactory/public/org/apache/maven/maven-plugin-parameter-documenter/2.0.9/maven-plugin-parameter-documenter-2.0.9.jar
2016-01-15 16:41:13,384 [Worker-8] INFO  o.e.m.c.i.e.AbstractTransferListenerAdapter - Downloading https://repo.pointclickcare.com/artifactory/public/org/apache/maven/maven-profile/2.0.9/maven-profile-2.0.9.jar
2016-01-15 16:41:13,416 [Worker-8] INFO  o.e.m.c.i.e.AbstractTransferListenerAdapter - Downloaded https://repo.pointclickcare.com/artifactory/public/org/apache/maven/maven-profile/2.0.9/maven-profile-2.0.9.jar
2016-01-15 16:41:13,513 [Worker-8] INFO  o.e.m.c.i.e.AbstractTransferListenerAdapter - Downloading https://repo.pointclickcare.com/artifactory/public/org/apache/maven/maven-model/2.0.9/maven-model-2.0.9.jar
2016-01-15 16:41:13,550 [Worker-8] INFO  o.e.m.c.i.e.AbstractTransferListenerAdapter - Downloaded https://repo.pointclickcare.com/artifactory/public/org/apache/maven/maven-model/2.0.9/maven-model-2.0.9.jar
2016-01-15 16:41:13,606 [Worker-8] INFO  o.e.m.c.i.e.AbstractTransferListenerAdapter - Downloading https://repo.pointclickcare.com/artifactory/public/org/apache/maven/maven-repository-metadata/2.0.9/maven-repository-metadata-2.0.9.jar
2016-01-15 16:41:13,643 [Worker-8] INFO  o.e.m.c.i.e.AbstractTransferListenerAdapter - Downloaded https://repo.pointclickcare.com/artifactory/public/org/apache/maven/maven-repository-metadata/2.0.9/maven-repository-metadata-2.0.9.jar
2016-01-15 16:41:13,689 [Worker-8] INFO  o.e.m.c.i.e.AbstractTransferListenerAdapter - Downloading https://repo.pointclickcare.com/artifactory/public/org/apache/maven/maven-error-diagnostics/2.0.9/maven-error-diagnostics-2.0.9.jar
2016-01-15 16:41:13,721 [Worker-8] INFO  o.e.m.c.i.e.AbstractTransferListenerAdapter - Downloaded https://repo.pointclickcare.com/artifactory/public/org/apache/maven/maven-error-diagnostics/2.0.9/maven-error-diagnostics-2.0.9.jar
2016-01-15 16:41:13,756 [Worker-8] INFO  o.e.m.c.i.e.AbstractTransferListenerAdapter - Downloading https://repo.pointclickcare.com/artifactory/public/org/apache/maven/maven-project/2.0.9/maven-project-2.0.9.jar
2016-01-15 16:41:13,797 [Worker-8] INFO  o.e.m.c.i.e.AbstractTransferListenerAdapter - Downloaded https://repo.pointclickcare.com/artifactory/public/org/apache/maven/maven-project/2.0.9/maven-project-2.0.9.jar
2016-01-15 16:41:13,824 [Worker-8] INFO  o.e.m.c.i.e.AbstractTransferListenerAdapter - Downloading https://repo.pointclickcare.com/artifactory/public/org/apache/maven/maven-plugin-registry/2.0.9/maven-plugin-registry-2.0.9.jar
2016-01-15 16:41:13,859 [Worker-8] INFO  o.e.m.c.i.e.AbstractTransferListenerAdapter - Downloaded https://repo.pointclickcare.com/artifactory/public/org/apache/maven/maven-plugin-registry/2.0.9/maven-plugin-registry-2.0.9.jar
2016-01-15 16:41:13,902 [Worker-8] INFO  o.e.m.c.i.e.AbstractTransferListenerAdapter - Downloading https://repo.pointclickcare.com/artifactory/public/org/apache/maven/maven-plugin-descriptor/2.0.9/maven-plugin-descriptor-2.0.9.jar
2016-01-15 16:41:13,953 [Worker-8] INFO  o.e.m.c.i.e.AbstractTransferListenerAdapter - Downloaded https://repo.pointclickcare.com/artifactory/public/org/apache/maven/maven-plugin-descriptor/2.0.9/maven-plugin-descriptor-2.0.9.jar
2016-01-15 16:41:14,057 [Worker-8] INFO  o.e.m.c.i.e.AbstractTransferListenerAdapter - Downloading https://repo.pointclickcare.com/artifactory/public/org/apache/maven/maven-artifact-manager/2.0.9/maven-artifact-manager-2.0.9.jar
2016-01-15 16:41:14,120 [Worker-8] INFO  o.e.m.c.i.e.AbstractTransferListenerAdapter - Downloaded https://repo.pointclickcare.com/artifactory/public/org/apache/maven/maven-artifact-manager/2.0.9/maven-artifact-manager-2.0.9.jar
2016-01-15 16:41:14,149 [Worker-8] INFO  o.e.m.c.i.e.AbstractTransferListenerAdapter - Downloading https://repo.pointclickcare.com/artifactory/public/org/apache/maven/maven-monitor/2.0.9/maven-monitor-2.0.9.jar
2016-01-15 16:41:14,178 [Worker-8] INFO  o.e.m.c.i.e.AbstractTransferListenerAdapter - Downloaded https://repo.pointclickcare.com/artifactory/public/org/apache/maven/maven-monitor/2.0.9/maven-monitor-2.0.9.jar
2016-01-15 16:41:14,216 [Worker-8] INFO  o.e.m.c.i.e.AbstractTransferListenerAdapter - Downloading https://repo.pointclickcare.com/artifactory/public/org/apache/maven/maven-toolchain/1.0/maven-toolchain-1.0.jar
2016-01-15 16:41:14,264 [Worker-8] INFO  o.e.m.c.i.e.AbstractTransferListenerAdapter - Downloaded https://repo.pointclickcare.com/artifactory/public/org/apache/maven/maven-toolchain/1.0/maven-toolchain-1.0.jar
2016-01-15 16:41:14,367 [Worker-8] INFO  o.e.m.c.i.e.AbstractTransferListenerAdapter - Downloading https://repo.pointclickcare.com/artifactory/public/org/codehaus/plexus/plexus-classworlds/2.2.2/plexus-classworlds-2.2.2.jar
2016-01-15 16:41:14,440 [Worker-8] INFO  o.e.m.c.i.e.AbstractTransferListenerAdapter - Downloaded https://repo.pointclickcare.com/artifactory/public/org/codehaus/plexus/plexus-classworlds/2.2.2/plexus-classworlds-2.2.2.jar
2016-01-15 16:41:15,284 [Worker-8] INFO  o.e.m.c.i.l.LifecycleMappingFactory - Using org.eclipse.m2e.jdt.JarLifecycleMapping lifecycle mapping for MavenProject: com.surefor.app:springbootrest:0.0.1-SNAPSHOT @ C:\git-repository\Java-Reference-Code\REST with Spring Boot\workspace\springbootrest\pom.xml.
2016-01-15 16:41:15,373 [Worker-8] INFO  o.e.m.c.i.e.AbstractTransferListenerAdapter - Downloading https://repo.pointclickcare.com/artifactory/public/org/apache/maven/plugins/maven-surefire-plugin/2.12.4/maven-surefire-plugin-2.12.4.pom
2016-01-15 16:41:15,414 [Worker-8] INFO  o.e.m.c.i.e.AbstractTransferListenerAdapter - Downloaded https://repo.pointclickcare.com/artifactory/public/org/apache/maven/plugins/maven-surefire-plugin/2.12.4/maven-surefire-plugin-2.12.4.pom
2016-01-15 16:41:15,462 [Worker-8] INFO  o.e.m.c.i.e.AbstractTransferListenerAdapter - Downloading https://repo.pointclickcare.com/artifactory/public/org/apache/maven/surefire/surefire/2.12.4/surefire-2.12.4.pom
2016-01-15 16:41:15,492 [Worker-8] INFO  o.e.m.c.i.e.AbstractTransferListenerAdapter - Downloaded https://repo.pointclickcare.com/artifactory/public/org/apache/maven/surefire/surefire/2.12.4/surefire-2.12.4.pom
2016-01-15 16:41:15,803 [Worker-8] INFO  o.e.m.c.i.e.AbstractTransferListenerAdapter - Downloading https://repo.pointclickcare.com/artifactory/public/org/apache/maven/maven-plugin-api/2.0.6/maven-plugin-api-2.0.6.jar
2016-01-15 16:41:15,839 [Worker-8] INFO  o.e.m.c.i.e.AbstractTransferListenerAdapter - Downloaded https://repo.pointclickcare.com/artifactory/public/org/apache/maven/maven-plugin-api/2.0.6/maven-plugin-api-2.0.6.jar
2016-01-15 16:41:15,934 [Worker-8] INFO  o.e.m.c.i.e.AbstractTransferListenerAdapter - Downloading https://repo.pointclickcare.com/artifactory/public/org/apache/maven/maven-project/2.0.6/maven-project-2.0.6.jar
2016-01-15 16:41:15,971 [Worker-8] INFO  o.e.m.c.i.e.AbstractTransferListenerAdapter - Downloaded https://repo.pointclickcare.com/artifactory/public/org/apache/maven/maven-project/2.0.6/maven-project-2.0.6.jar
2016-01-15 16:41:16,060 [Worker-8] INFO  o.e.m.c.i.e.AbstractTransferListenerAdapter - Downloading https://repo.pointclickcare.com/artifactory/public/org/apache/maven/maven-settings/2.0.6/maven-settings-2.0.6.jar
2016-01-15 16:41:16,089 [Worker-8] INFO  o.e.m.c.i.e.AbstractTransferListenerAdapter - Downloaded https://repo.pointclickcare.com/artifactory/public/org/apache/maven/maven-settings/2.0.6/maven-settings-2.0.6.jar
2016-01-15 16:41:16,177 [Worker-8] INFO  o.e.m.c.i.e.AbstractTransferListenerAdapter - Downloading https://repo.pointclickcare.com/artifactory/public/org/apache/maven/maven-profile/2.0.6/maven-profile-2.0.6.jar
2016-01-15 16:41:16,204 [Worker-8] INFO  o.e.m.c.i.e.AbstractTransferListenerAdapter - Downloaded https://repo.pointclickcare.com/artifactory/public/org/apache/maven/maven-profile/2.0.6/maven-profile-2.0.6.jar
2016-01-15 16:41:16,253 [Worker-8] INFO  o.e.m.c.i.e.AbstractTransferListenerAdapter - Downloading https://repo.pointclickcare.com/artifactory/public/org/apache/maven/maven-artifact-manager/2.0.6/maven-artifact-manager-2.0.6.jar
2016-01-15 16:41:16,304 [Worker-8] INFO  o.e.m.c.i.e.AbstractTransferListenerAdapter - Downloaded https://repo.pointclickcare.com/artifactory/public/org/apache/maven/maven-artifact-manager/2.0.6/maven-artifact-manager-2.0.6.jar
2016-01-15 16:41:16,373 [Worker-8] INFO  o.e.m.c.i.e.AbstractTransferListenerAdapter - Downloading https://repo.pointclickcare.com/artifactory/public/org/apache/maven/maven-repository-metadata/2.0.6/maven-repository-metadata-2.0.6.jar
2016-01-15 16:41:16,396 [Worker-8] INFO  o.e.m.c.i.e.AbstractTransferListenerAdapter - Downloaded https://repo.pointclickcare.com/artifactory/public/org/apache/maven/maven-repository-metadata/2.0.6/maven-repository-metadata-2.0.6.jar
2016-01-15 16:41:16,437 [Worker-8] INFO  o.e.m.c.i.e.AbstractTransferListenerAdapter - Downloading https://repo.pointclickcare.com/artifactory/public/org/apache/maven/maven-plugin-registry/2.0.6/maven-plugin-registry-2.0.6.jar
2016-01-15 16:41:16,460 [Worker-8] INFO  o.e.m.c.i.e.AbstractTransferListenerAdapter - Downloaded https://repo.pointclickcare.com/artifactory/public/org/apache/maven/maven-plugin-registry/2.0.6/maven-plugin-registry-2.0.6.jar
2016-01-15 16:41:16,526 [Worker-8] INFO  o.e.m.c.i.e.AbstractTransferListenerAdapter - Downloading https://repo.pointclickcare.com/artifactory/public/org/codehaus/plexus/plexus-container-default/1.0-alpha-9-stable-1/plexus-container-default-1.0-alpha-9-stable-1.jar
2016-01-15 16:41:16,585 [Worker-8] INFO  o.e.m.c.i.e.AbstractTransferListenerAdapter - Downloaded https://repo.pointclickcare.com/artifactory/public/org/codehaus/plexus/plexus-container-default/1.0-alpha-9-stable-1/plexus-container-default-1.0-alpha-9-stable-1.jar
2016-01-15 16:41:16,664 [Worker-8] INFO  o.e.m.c.i.e.AbstractTransferListenerAdapter - Downloading https://repo.pointclickcare.com/artifactory/public/classworlds/classworlds/1.1-alpha-2/classworlds-1.1-alpha-2.jar
2016-01-15 16:41:16,717 [Worker-8] INFO  o.e.m.c.i.e.AbstractTransferListenerAdapter - Downloaded https://repo.pointclickcare.com/artifactory/public/classworlds/classworlds/1.1-alpha-2/classworlds-1.1-alpha-2.jar
2016-01-15 16:41:16,743 [Worker-8] INFO  o.e.m.c.i.e.AbstractTransferListenerAdapter - Downloading https://repo.pointclickcare.com/artifactory/public/org/apache/maven/maven-model/2.0.6/maven-model-2.0.6.jar
2016-01-15 16:41:16,781 [Worker-8] INFO  o.e.m.c.i.e.AbstractTransferListenerAdapter - Downloaded https://repo.pointclickcare.com/artifactory/public/org/apache/maven/maven-model/2.0.6/maven-model-2.0.6.jar
2016-01-15 16:41:16,809 [Worker-8] INFO  o.e.m.c.i.e.AbstractTransferListenerAdapter - Downloading https://repo.pointclickcare.com/artifactory/public/org/apache/maven/maven-artifact/2.0.6/maven-artifact-2.0.6.jar
2016-01-15 16:41:16,842 [Worker-8] INFO  o.e.m.c.i.e.AbstractTransferListenerAdapter - Downloaded https://repo.pointclickcare.com/artifactory/public/org/apache/maven/maven-artifact/2.0.6/maven-artifact-2.0.6.jar
2016-01-15 16:41:16,863 [Worker-8] INFO  o.e.m.c.i.e.AbstractTransferListenerAdapter - Downloading https://repo.pointclickcare.com/artifactory/public/org/apache/maven/maven-core/2.0.6/maven-core-2.0.6.jar
2016-01-15 16:41:16,905 [Worker-8] INFO  o.e.m.c.i.e.AbstractTransferListenerAdapter - Downloaded https://repo.pointclickcare.com/artifactory/public/org/apache/maven/maven-core/2.0.6/maven-core-2.0.6.jar
2016-01-15 16:41:17,072 [Worker-8] INFO  o.e.m.c.i.e.AbstractTransferListenerAdapter - Downloading https://repo.pointclickcare.com/artifactory/public/org/apache/maven/maven-plugin-parameter-documenter/2.0.6/maven-plugin-parameter-documenter-2.0.6.jar
2016-01-15 16:41:17,101 [Worker-8] INFO  o.e.m.c.i.e.AbstractTransferListenerAdapter - Downloaded https://repo.pointclickcare.com/artifactory/public/org/apache/maven/maven-plugin-parameter-documenter/2.0.6/maven-plugin-parameter-documenter-2.0.6.jar
2016-01-15 16:41:17,170 [Worker-8] INFO  o.e.m.c.i.e.AbstractTransferListenerAdapter - Downloading https://repo.pointclickcare.com/artifactory/public/org/apache/maven/maven-error-diagnostics/2.0.6/maven-error-diagnostics-2.0.6.jar
2016-01-15 16:41:17,197 [Worker-8] INFO  o.e.m.c.i.e.AbstractTransferListenerAdapter - Downloaded https://repo.pointclickcare.com/artifactory/public/org/apache/maven/maven-error-diagnostics/2.0.6/maven-error-diagnostics-2.0.6.jar
2016-01-15 16:41:17,300 [Worker-8] INFO  o.e.m.c.i.e.AbstractTransferListenerAdapter - Downloading https://repo.pointclickcare.com/artifactory/public/org/apache/maven/maven-plugin-descriptor/2.0.6/maven-plugin-descriptor-2.0.6.jar
2016-01-15 16:41:17,329 [Worker-8] INFO  o.e.m.c.i.e.AbstractTransferListenerAdapter - Downloaded https://repo.pointclickcare.com/artifactory/public/org/apache/maven/maven-plugin-descriptor/2.0.6/maven-plugin-descriptor-2.0.6.jar
2016-01-15 16:41:17,381 [Worker-8] INFO  o.e.m.c.i.e.AbstractTransferListenerAdapter - Downloading https://repo.pointclickcare.com/artifactory/public/org/apache/maven/maven-monitor/2.0.6/maven-monitor-2.0.6.jar
2016-01-15 16:41:17,418 [Worker-8] INFO  o.e.m.c.i.e.AbstractTransferListenerAdapter - Downloaded https://repo.pointclickcare.com/artifactory/public/org/apache/maven/maven-monitor/2.0.6/maven-monitor-2.0.6.jar
2016-01-15 16:41:19,538 [Worker-8] INFO  o.e.m.c.i.e.AbstractTransferListenerAdapter - Downloading https://repo.pointclickcare.com/artifactory/public/classworlds/classworlds/1.1/classworlds-1.1.jar
2016-01-15 16:41:19,568 [Worker-8] INFO  o.e.m.c.i.e.AbstractTransferListenerAdapter - Downloaded https://repo.pointclickcare.com/artifactory/public/classworlds/classworlds/1.1/classworlds-1.1.jar
2016-01-15 16:41:19,755 [Worker-8] INFO  o.e.m.j.i.AbstractJavaProjectConfigurator - Adding source folder /springbootrest/src/main/java
2016-01-15 16:41:19,759 [Worker-8] INFO  o.e.m.j.i.AbstractJavaProjectConfigurator - Adding source folder /springbootrest/src/test/java
2016-01-15 16:41:20,603 [Worker-8] INFO  o.e.m.c.i.p.ProjectConfigurationManager - Imported and configured 1 project(s) in 10 sec
2016-01-15 16:41:21,346 [Worker-1] INFO  o.e.m.c.i.embedder.EclipseLogger - Using 'UTF-8' encoding to copy filtered resources.
2016-01-15 16:41:21,346 [Worker-1] INFO  o.e.m.c.i.embedder.EclipseLogger - skip non existing resourceDirectory C:\git-repository\Java-Reference-Code\REST with Spring Boot\workspace\springbootrest\src\main\resources
2016-01-15 16:41:21,349 [Worker-1] INFO  o.e.m.c.i.embedder.EclipseLogger - Using 'UTF-8' encoding to copy filtered resources.
2016-01-15 16:41:21,352 [Worker-1] INFO  o.e.m.c.i.embedder.EclipseLogger - skip non existing resourceDirectory C:\git-repository\Java-Reference-Code\REST with Spring Boot\workspace\springbootrest\src\test\resources
2016-01-15 16:44:22,744 [Worker-6] INFO  o.e.m.c.i.e.AbstractTransferListenerAdapter - Downloading https://repo.pointclickcare.com/artifactory/public/org/springframework/boot/spring-boot-starter-parent/1.3.1.RELEASE/spring-boot-starter-parent-1.3.1.RELEASE.pom
2016-01-15 16:44:22,775 [Worker-6] INFO  o.e.m.c.i.e.AbstractTransferListenerAdapter - Downloaded https://repo.pointclickcare.com/artifactory/public/org/springframework/boot/spring-boot-starter-parent/1.3.1.RELEASE/spring-boot-starter-parent-1.3.1.RELEASE.pom
2016-01-15 16:44:22,870 [Worker-6] INFO  o.e.m.c.i.e.AbstractTransferListenerAdapter - Downloading https://repo.pointclickcare.com/artifactory/public/org/springframework/boot/spring-boot-dependencies/1.3.1.RELEASE/spring-boot-dependencies-1.3.1.RELEASE.pom
2016-01-15 16:44:22,933 [Worker-6] INFO  o.e.m.c.i.e.AbstractTransferListenerAdapter - Downloaded https://repo.pointclickcare.com/artifactory/public/org/springframework/boot/spring-boot-dependencies/1.3.1.RELEASE/spring-boot-dependencies-1.3.1.RELEASE.pom
2016-01-15 16:44:23,018 [Worker-6] INFO  o.e.m.c.i.e.AbstractTransferListenerAdapter - Downloading https://repo.pointclickcare.com/artifactory/public/org/springframework/spring-framework-bom/4.2.4.RELEASE/spring-framework-bom-4.2.4.RELEASE.pom
2016-01-15 16:44:23,056 [Worker-6] INFO  o.e.m.c.i.e.AbstractTransferListenerAdapter - Downloaded https://repo.pointclickcare.com/artifactory/public/org/springframework/spring-framework-bom/4.2.4.RELEASE/spring-framework-bom-4.2.4.RELEASE.pom
2016-01-15 16:44:23,151 [Worker-6] INFO  o.e.m.c.i.e.AbstractTransferListenerAdapter - Downloading https://repo.pointclickcare.com/artifactory/public/org/springframework/data/spring-data-releasetrain/Gosling-SR2A/spring-data-releasetrain-Gosling-SR2A.pom
2016-01-15 16:44:23,184 [Worker-6] INFO  o.e.m.c.i.e.AbstractTransferListenerAdapter - Downloaded https://repo.pointclickcare.com/artifactory/public/org/springframework/data/spring-data-releasetrain/Gosling-SR2A/spring-data-releasetrain-Gosling-SR2A.pom
2016-01-15 16:44:23,256 [Worker-6] INFO  o.e.m.c.i.e.AbstractTransferListenerAdapter - Downloading https://repo.pointclickcare.com/artifactory/public/org/springframework/data/build/spring-data-build/1.7.3.RELEASE/spring-data-build-1.7.3.RELEASE.pom
2016-01-15 16:44:23,284 [Worker-6] INFO  o.e.m.c.i.e.AbstractTransferListenerAdapter - Downloaded https://repo.pointclickcare.com/artifactory/public/org/springframework/data/build/spring-data-build/1.7.3.RELEASE/spring-data-build-1.7.3.RELEASE.pom
2016-01-15 16:44:23,341 [Worker-6] INFO  o.e.m.c.i.e.AbstractTransferListenerAdapter - Downloading https://repo.pointclickcare.com/artifactory/public/org/springframework/integration/spring-integration-bom/4.2.4.RELEASE/spring-integration-bom-4.2.4.RELEASE.pom
2016-01-15 16:44:23,369 [Worker-6] INFO  o.e.m.c.i.e.AbstractTransferListenerAdapter - Downloaded https://repo.pointclickcare.com/artifactory/public/org/springframework/integration/spring-integration-bom/4.2.4.RELEASE/spring-integration-bom-4.2.4.RELEASE.pom
2016-01-15 16:44:23,414 [Worker-6] INFO  o.e.m.c.i.e.AbstractTransferListenerAdapter - Downloading https://repo.pointclickcare.com/artifactory/public/org/springframework/security/spring-security-bom/4.0.3.RELEASE/spring-security-bom-4.0.3.RELEASE.pom
2016-01-15 16:44:23,443 [Worker-6] INFO  o.e.m.c.i.e.AbstractTransferListenerAdapter - Downloaded https://repo.pointclickcare.com/artifactory/public/org/springframework/security/spring-security-bom/4.0.3.RELEASE/spring-security-bom-4.0.3.RELEASE.pom
2016-01-15 16:44:23,700 [Worker-6] INFO  o.e.m.c.i.e.AbstractTransferListenerAdapter - Downloading https://repo.pointclickcare.com/artifactory/public/org/springframework/boot/spring-boot-maven-plugin/1.3.1.RELEASE/spring-boot-maven-plugin-1.3.1.RELEASE.pom
2016-01-15 16:44:23,727 [Worker-6] INFO  o.e.m.c.i.e.AbstractTransferListenerAdapter - Downloaded https://repo.pointclickcare.com/artifactory/public/org/springframework/boot/spring-boot-maven-plugin/1.3.1.RELEASE/spring-boot-maven-plugin-1.3.1.RELEASE.pom
2016-01-15 16:44:23,776 [Worker-6] INFO  o.e.m.c.i.e.AbstractTransferListenerAdapter - Downloading https://repo.pointclickcare.com/artifactory/public/org/springframework/boot/spring-boot-tools/1.3.1.RELEASE/spring-boot-tools-1.3.1.RELEASE.pom
2016-01-15 16:44:23,800 [Worker-6] INFO  o.e.m.c.i.e.AbstractTransferListenerAdapter - Downloaded https://repo.pointclickcare.com/artifactory/public/org/springframework/boot/spring-boot-tools/1.3.1.RELEASE/spring-boot-tools-1.3.1.RELEASE.pom
2016-01-15 16:44:23,859 [Worker-6] INFO  o.e.m.c.i.e.AbstractTransferListenerAdapter - Downloading https://repo.pointclickcare.com/artifactory/public/org/springframework/boot/spring-boot-parent/1.3.1.RELEASE/spring-boot-parent-1.3.1.RELEASE.pom
2016-01-15 16:44:23,886 [Worker-6] INFO  o.e.m.c.i.e.AbstractTransferListenerAdapter - Downloaded https://repo.pointclickcare.com/artifactory/public/org/springframework/boot/spring-boot-parent/1.3.1.RELEASE/spring-boot-parent-1.3.1.RELEASE.pom
2016-01-15 16:44:23,967 [Worker-6] INFO  o.e.m.c.i.e.AbstractTransferListenerAdapter - Downloading https://repo.pointclickcare.com/artifactory/public/org/springframework/boot/spring-boot-maven-plugin/1.3.1.RELEASE/spring-boot-maven-plugin-1.3.1.RELEASE.jar
2016-01-15 16:44:24,009 [Worker-6] INFO  o.e.m.c.i.e.AbstractTransferListenerAdapter - Downloaded https://repo.pointclickcare.com/artifactory/public/org/springframework/boot/spring-boot-maven-plugin/1.3.1.RELEASE/spring-boot-maven-plugin-1.3.1.RELEASE.jar
2016-01-15 16:44:25,007 [Worker-6] INFO  o.e.m.c.i.l.LifecycleMappingFactory - Using org.eclipse.m2e.jdt.JarLifecycleMapping lifecycle mapping for MavenProject: com.surefor.app:springbootrest:0.0.1-SNAPSHOT @ C:\git-repository\Java-Reference-Code\REST with Spring Boot\workspace\springbootrest\pom.xml.
2016-01-15 16:44:25,067 [Worker-6] INFO  o.e.m.c.i.e.AbstractTransferListenerAdapter - Downloading https://repo.pointclickcare.com/artifactory/public/org/springframework/boot/spring-boot-starter-web/1.3.1.RELEASE/spring-boot-starter-web-1.3.1.RELEASE.pom
2016-01-15 16:44:25,091 [Worker-6] INFO  o.e.m.c.i.e.AbstractTransferListenerAdapter - Downloaded https://repo.pointclickcare.com/artifactory/public/org/springframework/boot/spring-boot-starter-web/1.3.1.RELEASE/spring-boot-starter-web-1.3.1.RELEASE.pom
2016-01-15 16:44:25,139 [Worker-6] INFO  o.e.m.c.i.e.AbstractTransferListenerAdapter - Downloading https://repo.pointclickcare.com/artifactory/public/org/springframework/boot/spring-boot-starters/1.3.1.RELEASE/spring-boot-starters-1.3.1.RELEASE.pom
2016-01-15 16:44:25,166 [Worker-6] INFO  o.e.m.c.i.e.AbstractTransferListenerAdapter - Downloaded https://repo.pointclickcare.com/artifactory/public/org/springframework/boot/spring-boot-starters/1.3.1.RELEASE/spring-boot-starters-1.3.1.RELEASE.pom
2016-01-15 16:44:25,221 [Worker-6] INFO  o.e.m.c.i.e.AbstractTransferListenerAdapter - Downloading https://repo.pointclickcare.com/artifactory/public/org/springframework/boot/spring-boot-starter/1.3.1.RELEASE/spring-boot-starter-1.3.1.RELEASE.pom
2016-01-15 16:44:25,250 [Worker-6] INFO  o.e.m.c.i.e.AbstractTransferListenerAdapter - Downloaded https://repo.pointclickcare.com/artifactory/public/org/springframework/boot/spring-boot-starter/1.3.1.RELEASE/spring-boot-starter-1.3.1.RELEASE.pom
2016-01-15 16:44:25,300 [Worker-6] INFO  o.e.m.c.i.e.AbstractTransferListenerAdapter - Downloading https://repo.pointclickcare.com/artifactory/public/org/springframework/boot/spring-boot/1.3.1.RELEASE/spring-boot-1.3.1.RELEASE.pom
2016-01-15 16:44:25,334 [Worker-6] INFO  o.e.m.c.i.e.AbstractTransferListenerAdapter - Downloaded https://repo.pointclickcare.com/artifactory/public/org/springframework/boot/spring-boot/1.3.1.RELEASE/spring-boot-1.3.1.RELEASE.pom
2016-01-15 16:44:25,398 [Worker-6] INFO  o.e.m.c.i.e.AbstractTransferListenerAdapter - Downloading https://repo.pointclickcare.com/artifactory/public/org/springframework/spring-core/4.2.4.RELEASE/spring-core-4.2.4.RELEASE.pom
2016-01-15 16:44:25,424 [Worker-6] INFO  o.e.m.c.i.e.AbstractTransferListenerAdapter - Downloaded https://repo.pointclickcare.com/artifactory/public/org/springframework/spring-core/4.2.4.RELEASE/spring-core-4.2.4.RELEASE.pom
2016-01-15 16:44:25,495 [Worker-6] INFO  o.e.m.c.i.e.AbstractTransferListenerAdapter - Downloading https://repo.pointclickcare.com/artifactory/public/org/springframework/spring-context/4.2.4.RELEASE/spring-context-4.2.4.RELEASE.pom
2016-01-15 16:44:25,520 [Worker-6] INFO  o.e.m.c.i.e.AbstractTransferListenerAdapter - Downloaded https://repo.pointclickcare.com/artifactory/public/org/springframework/spring-context/4.2.4.RELEASE/spring-context-4.2.4.RELEASE.pom
2016-01-15 16:44:25,588 [Worker-6] INFO  o.e.m.c.i.e.AbstractTransferListenerAdapter - Downloading https://repo.pointclickcare.com/artifactory/public/org/springframework/spring-aop/4.2.4.RELEASE/spring-aop-4.2.4.RELEASE.pom
2016-01-15 16:44:25,612 [Worker-6] INFO  o.e.m.c.i.e.AbstractTransferListenerAdapter - Downloaded https://repo.pointclickcare.com/artifactory/public/org/springframework/spring-aop/4.2.4.RELEASE/spring-aop-4.2.4.RELEASE.pom
2016-01-15 16:44:25,671 [Worker-6] INFO  o.e.m.c.i.e.AbstractTransferListenerAdapter - Downloading https://repo.pointclickcare.com/artifactory/public/org/springframework/spring-beans/4.2.4.RELEASE/spring-beans-4.2.4.RELEASE.pom
2016-01-15 16:44:25,695 [Worker-6] INFO  o.e.m.c.i.e.AbstractTransferListenerAdapter - Downloaded https://repo.pointclickcare.com/artifactory/public/org/springframework/spring-beans/4.2.4.RELEASE/spring-beans-4.2.4.RELEASE.pom
2016-01-15 16:44:25,735 [Worker-6] INFO  o.e.m.c.i.e.AbstractTransferListenerAdapter - Downloading https://repo.pointclickcare.com/artifactory/public/org/springframework/spring-expression/4.2.4.RELEASE/spring-expression-4.2.4.RELEASE.pom
2016-01-15 16:44:25,765 [Worker-6] INFO  o.e.m.c.i.e.AbstractTransferListenerAdapter - Downloaded https://repo.pointclickcare.com/artifactory/public/org/springframework/spring-expression/4.2.4.RELEASE/spring-expression-4.2.4.RELEASE.pom
2016-01-15 16:44:25,822 [Worker-6] INFO  o.e.m.c.i.e.AbstractTransferListenerAdapter - Downloading https://repo.pointclickcare.com/artifactory/public/org/springframework/boot/spring-boot-autoconfigure/1.3.1.RELEASE/spring-boot-autoconfigure-1.3.1.RELEASE.pom
2016-01-15 16:44:25,855 [Worker-6] INFO  o.e.m.c.i.e.AbstractTransferListenerAdapter - Downloaded https://repo.pointclickcare.com/artifactory/public/org/springframework/boot/spring-boot-autoconfigure/1.3.1.RELEASE/spring-boot-autoconfigure-1.3.1.RELEASE.pom
2016-01-15 16:44:25,902 [Worker-6] INFO  o.e.m.c.i.e.AbstractTransferListenerAdapter - Downloading https://repo.pointclickcare.com/artifactory/public/org/springframework/boot/spring-boot-starter-logging/1.3.1.RELEASE/spring-boot-starter-logging-1.3.1.RELEASE.pom
2016-01-15 16:44:25,928 [Worker-6] INFO  o.e.m.c.i.e.AbstractTransferListenerAdapter - Downloaded https://repo.pointclickcare.com/artifactory/public/org/springframework/boot/spring-boot-starter-logging/1.3.1.RELEASE/spring-boot-starter-logging-1.3.1.RELEASE.pom
2016-01-15 16:44:26,018 [Worker-6] INFO  o.e.m.c.i.e.AbstractTransferListenerAdapter - Downloading https://repo.pointclickcare.com/artifactory/public/ch/qos/logback/logback-classic/1.1.3/logback-classic-1.1.3.pom
2016-01-15 16:44:26,044 [Worker-6] INFO  o.e.m.c.i.e.AbstractTransferListenerAdapter - Downloaded https://repo.pointclickcare.com/artifactory/public/ch/qos/logback/logback-classic/1.1.3/logback-classic-1.1.3.pom
2016-01-15 16:44:26,114 [Worker-6] INFO  o.e.m.c.i.e.AbstractTransferListenerAdapter - Downloading https://repo.pointclickcare.com/artifactory/public/ch/qos/logback/logback-parent/1.1.3/logback-parent-1.1.3.pom
2016-01-15 16:44:26,141 [Worker-6] INFO  o.e.m.c.i.e.AbstractTransferListenerAdapter - Downloaded https://repo.pointclickcare.com/artifactory/public/ch/qos/logback/logback-parent/1.1.3/logback-parent-1.1.3.pom
2016-01-15 16:44:26,201 [Worker-6] INFO  o.e.m.c.i.e.AbstractTransferListenerAdapter - Downloading https://repo.pointclickcare.com/artifactory/public/ch/qos/logback/logback-core/1.1.3/logback-core-1.1.3.pom
2016-01-15 16:44:26,248 [Worker-6] INFO  o.e.m.c.i.e.AbstractTransferListenerAdapter - Downloaded https://repo.pointclickcare.com/artifactory/public/ch/qos/logback/logback-core/1.1.3/logback-core-1.1.3.pom
2016-01-15 16:44:26,310 [Worker-6] INFO  o.e.m.c.i.e.AbstractTransferListenerAdapter - Downloading https://repo.pointclickcare.com/artifactory/public/org/slf4j/slf4j-api/1.7.13/slf4j-api-1.7.13.pom
2016-01-15 16:44:26,338 [Worker-6] INFO  o.e.m.c.i.e.AbstractTransferListenerAdapter - Downloaded https://repo.pointclickcare.com/artifactory/public/org/slf4j/slf4j-api/1.7.13/slf4j-api-1.7.13.pom
2016-01-15 16:44:26,387 [Worker-6] INFO  o.e.m.c.i.e.AbstractTransferListenerAdapter - Downloading https://repo.pointclickcare.com/artifactory/public/org/slf4j/slf4j-parent/1.7.13/slf4j-parent-1.7.13.pom
2016-01-15 16:44:26,415 [Worker-6] INFO  o.e.m.c.i.e.AbstractTransferListenerAdapter - Downloaded https://repo.pointclickcare.com/artifactory/public/org/slf4j/slf4j-parent/1.7.13/slf4j-parent-1.7.13.pom
2016-01-15 16:44:26,471 [Worker-6] INFO  o.e.m.c.i.e.AbstractTransferListenerAdapter - Downloading https://repo.pointclickcare.com/artifactory/public/org/slf4j/jcl-over-slf4j/1.7.13/jcl-over-slf4j-1.7.13.pom
2016-01-15 16:44:26,496 [Worker-6] INFO  o.e.m.c.i.e.AbstractTransferListenerAdapter - Downloaded https://repo.pointclickcare.com/artifactory/public/org/slf4j/jcl-over-slf4j/1.7.13/jcl-over-slf4j-1.7.13.pom
2016-01-15 16:44:26,526 [Worker-6] INFO  o.e.m.c.i.e.AbstractTransferListenerAdapter - Downloading https://repo.pointclickcare.com/artifactory/public/org/slf4j/jul-to-slf4j/1.7.13/jul-to-slf4j-1.7.13.pom
2016-01-15 16:44:26,550 [Worker-6] INFO  o.e.m.c.i.e.AbstractTransferListenerAdapter - Downloaded https://repo.pointclickcare.com/artifactory/public/org/slf4j/jul-to-slf4j/1.7.13/jul-to-slf4j-1.7.13.pom
2016-01-15 16:44:26,626 [Worker-6] INFO  o.e.m.c.i.e.AbstractTransferListenerAdapter - Downloading https://repo.pointclickcare.com/artifactory/public/org/slf4j/log4j-over-slf4j/1.7.13/log4j-over-slf4j-1.7.13.pom
2016-01-15 16:44:26,650 [Worker-6] INFO  o.e.m.c.i.e.AbstractTransferListenerAdapter - Downloaded https://repo.pointclickcare.com/artifactory/public/org/slf4j/log4j-over-slf4j/1.7.13/log4j-over-slf4j-1.7.13.pom
2016-01-15 16:44:26,690 [Worker-6] INFO  o.e.m.c.i.e.AbstractTransferListenerAdapter - Downloading https://repo.pointclickcare.com/artifactory/public/org/yaml/snakeyaml/1.16/snakeyaml-1.16.pom
2016-01-15 16:44:26,720 [Worker-6] INFO  o.e.m.c.i.e.AbstractTransferListenerAdapter - Downloaded https://repo.pointclickcare.com/artifactory/public/org/yaml/snakeyaml/1.16/snakeyaml-1.16.pom
2016-01-15 16:44:26,785 [Worker-6] INFO  o.e.m.c.i.e.AbstractTransferListenerAdapter - Downloading https://repo.pointclickcare.com/artifactory/public/org/springframework/boot/spring-boot-starter-tomcat/1.3.1.RELEASE/spring-boot-starter-tomcat-1.3.1.RELEASE.pom
2016-01-15 16:44:26,812 [Worker-6] INFO  o.e.m.c.i.e.AbstractTransferListenerAdapter - Downloaded https://repo.pointclickcare.com/artifactory/public/org/springframework/boot/spring-boot-starter-tomcat/1.3.1.RELEASE/spring-boot-starter-tomcat-1.3.1.RELEASE.pom
2016-01-15 16:44:26,866 [Worker-6] INFO  o.e.m.c.i.e.AbstractTransferListenerAdapter - Downloading https://repo.pointclickcare.com/artifactory/public/org/apache/tomcat/embed/tomcat-embed-core/8.0.30/tomcat-embed-core-8.0.30.pom
2016-01-15 16:44:26,893 [Worker-6] INFO  o.e.m.c.i.e.AbstractTransferListenerAdapter - Downloaded https://repo.pointclickcare.com/artifactory/public/org/apache/tomcat/embed/tomcat-embed-core/8.0.30/tomcat-embed-core-8.0.30.pom
2016-01-15 16:44:26,932 [Worker-6] INFO  o.e.m.c.i.e.AbstractTransferListenerAdapter - Downloading https://repo.pointclickcare.com/artifactory/public/org/apache/tomcat/embed/tomcat-embed-el/8.0.30/tomcat-embed-el-8.0.30.pom
2016-01-15 16:44:26,962 [Worker-6] INFO  o.e.m.c.i.e.AbstractTransferListenerAdapter - Downloaded https://repo.pointclickcare.com/artifactory/public/org/apache/tomcat/embed/tomcat-embed-el/8.0.30/tomcat-embed-el-8.0.30.pom
2016-01-15 16:44:26,998 [Worker-6] INFO  o.e.m.c.i.e.AbstractTransferListenerAdapter - Downloading https://repo.pointclickcare.com/artifactory/public/org/apache/tomcat/embed/tomcat-embed-logging-juli/8.0.30/tomcat-embed-logging-juli-8.0.30.pom
2016-01-15 16:44:27,022 [Worker-6] INFO  o.e.m.c.i.e.AbstractTransferListenerAdapter - Downloaded https://repo.pointclickcare.com/artifactory/public/org/apache/tomcat/embed/tomcat-embed-logging-juli/8.0.30/tomcat-embed-logging-juli-8.0.30.pom
2016-01-15 16:44:27,067 [Worker-6] INFO  o.e.m.c.i.e.AbstractTransferListenerAdapter - Downloading https://repo.pointclickcare.com/artifactory/public/org/apache/tomcat/embed/tomcat-embed-websocket/8.0.30/tomcat-embed-websocket-8.0.30.pom
2016-01-15 16:44:27,090 [Worker-6] INFO  o.e.m.c.i.e.AbstractTransferListenerAdapter - Downloaded https://repo.pointclickcare.com/artifactory/public/org/apache/tomcat/embed/tomcat-embed-websocket/8.0.30/tomcat-embed-websocket-8.0.30.pom
2016-01-15 16:44:27,145 [Worker-6] INFO  o.e.m.c.i.e.AbstractTransferListenerAdapter - Downloading https://repo.pointclickcare.com/artifactory/public/org/springframework/boot/spring-boot-starter-validation/1.3.1.RELEASE/spring-boot-starter-validation-1.3.1.RELEASE.pom
2016-01-15 16:44:27,177 [Worker-6] INFO  o.e.m.c.i.e.AbstractTransferListenerAdapter - Downloaded https://repo.pointclickcare.com/artifactory/public/org/springframework/boot/spring-boot-starter-validation/1.3.1.RELEASE/spring-boot-starter-validation-1.3.1.RELEASE.pom
2016-01-15 16:44:27,235 [Worker-6] INFO  o.e.m.c.i.e.AbstractTransferListenerAdapter - Downloading https://repo.pointclickcare.com/artifactory/public/org/hibernate/hibernate-validator/5.2.2.Final/hibernate-validator-5.2.2.Final.pom
2016-01-15 16:44:27,260 [Worker-6] INFO  o.e.m.c.i.e.AbstractTransferListenerAdapter - Downloaded https://repo.pointclickcare.com/artifactory/public/org/hibernate/hibernate-validator/5.2.2.Final/hibernate-validator-5.2.2.Final.pom
2016-01-15 16:44:27,319 [Worker-6] INFO  o.e.m.c.i.e.AbstractTransferListenerAdapter - Downloading https://repo.pointclickcare.com/artifactory/public/org/hibernate/hibernate-validator-parent/5.2.2.Final/hibernate-validator-parent-5.2.2.Final.pom
2016-01-15 16:44:27,346 [Worker-6] INFO  o.e.m.c.i.e.AbstractTransferListenerAdapter - Downloaded https://repo.pointclickcare.com/artifactory/public/org/hibernate/hibernate-validator-parent/5.2.2.Final/hibernate-validator-parent-5.2.2.Final.pom
2016-01-15 16:44:27,379 [Worker-6] INFO  o.e.m.c.i.e.AbstractTransferListenerAdapter - Downloading https://repo.pointclickcare.com/artifactory/public/org/jboss/arquillian/arquillian-bom/1.1.9.Final/arquillian-bom-1.1.9.Final.pom
2016-01-15 16:44:27,406 [Worker-6] INFO  o.e.m.c.i.e.AbstractTransferListenerAdapter - Downloaded https://repo.pointclickcare.com/artifactory/public/org/jboss/arquillian/arquillian-bom/1.1.9.Final/arquillian-bom-1.1.9.Final.pom
2016-01-15 16:44:27,442 [Worker-6] INFO  o.e.m.c.i.e.AbstractTransferListenerAdapter - Downloading https://repo.pointclickcare.com/artifactory/public/org/jboss/shrinkwrap/shrinkwrap-bom/1.2.2/shrinkwrap-bom-1.2.2.pom
2016-01-15 16:44:27,466 [Worker-6] INFO  o.e.m.c.i.e.AbstractTransferListenerAdapter - Downloaded https://repo.pointclickcare.com/artifactory/public/org/jboss/shrinkwrap/shrinkwrap-bom/1.2.2/shrinkwrap-bom-1.2.2.pom
2016-01-15 16:44:27,524 [Worker-6] INFO  o.e.m.c.i.e.AbstractTransferListenerAdapter - Downloading https://repo.pointclickcare.com/artifactory/public/org/jboss/shrinkwrap/resolver/shrinkwrap-resolver-bom/2.1.1/shrinkwrap-resolver-bom-2.1.1.pom
2016-01-15 16:44:27,548 [Worker-6] INFO  o.e.m.c.i.e.AbstractTransferListenerAdapter - Downloaded https://repo.pointclickcare.com/artifactory/public/org/jboss/shrinkwrap/resolver/shrinkwrap-resolver-bom/2.1.1/shrinkwrap-resolver-bom-2.1.1.pom
2016-01-15 16:44:27,594 [Worker-6] INFO  o.e.m.c.i.e.AbstractTransferListenerAdapter - Downloading https://repo.pointclickcare.com/artifactory/public/org/jboss/shrinkwrap/descriptors/shrinkwrap-descriptors-bom/2.0.0-alpha-7/shrinkwrap-descriptors-bom-2.0.0-alpha-7.pom
2016-01-15 16:44:27,623 [Worker-6] INFO  o.e.m.c.i.e.AbstractTransferListenerAdapter - Downloaded https://repo.pointclickcare.com/artifactory/public/org/jboss/shrinkwrap/descriptors/shrinkwrap-descriptors-bom/2.0.0-alpha-7/shrinkwrap-descriptors-bom-2.0.0-alpha-7.pom
2016-01-15 16:44:27,679 [Worker-6] INFO  o.e.m.c.i.e.AbstractTransferListenerAdapter - Downloading https://repo.pointclickcare.com/artifactory/public/org/jboss/logging/jboss-logging/3.3.0.Final/jboss-logging-3.3.0.Final.pom
2016-01-15 16:44:27,711 [Worker-6] INFO  o.e.m.c.i.e.AbstractTransferListenerAdapter - Downloaded https://repo.pointclickcare.com/artifactory/public/org/jboss/logging/jboss-logging/3.3.0.Final/jboss-logging-3.3.0.Final.pom
2016-01-15 16:44:27,761 [Worker-6] INFO  o.e.m.c.i.e.AbstractTransferListenerAdapter - Downloading https://repo.pointclickcare.com/artifactory/public/org/jboss/jboss-parent/15/jboss-parent-15.pom
2016-01-15 16:44:27,794 [Worker-6] INFO  o.e.m.c.i.e.AbstractTransferListenerAdapter - Downloaded https://repo.pointclickcare.com/artifactory/public/org/jboss/jboss-parent/15/jboss-parent-15.pom
2016-01-15 16:44:27,830 [Worker-6] INFO  o.e.m.c.i.e.AbstractTransferListenerAdapter - Downloading https://repo.pointclickcare.com/artifactory/public/com/fasterxml/classmate/1.1.0/classmate-1.1.0.pom
2016-01-15 16:44:27,855 [Worker-6] INFO  o.e.m.c.i.e.AbstractTransferListenerAdapter - Downloaded https://repo.pointclickcare.com/artifactory/public/com/fasterxml/classmate/1.1.0/classmate-1.1.0.pom
2016-01-15 16:44:27,901 [Worker-6] INFO  o.e.m.c.i.e.AbstractTransferListenerAdapter - Downloading https://repo.pointclickcare.com/artifactory/public/com/fasterxml/jackson/core/jackson-databind/2.6.4/jackson-databind-2.6.4.pom
2016-01-15 16:44:27,932 [Worker-6] INFO  o.e.m.c.i.e.AbstractTransferListenerAdapter - Downloaded https://repo.pointclickcare.com/artifactory/public/com/fasterxml/jackson/core/jackson-databind/2.6.4/jackson-databind-2.6.4.pom
2016-01-15 16:44:27,980 [Worker-6] INFO  o.e.m.c.i.e.AbstractTransferListenerAdapter - Downloading https://repo.pointclickcare.com/artifactory/public/com/fasterxml/jackson/jackson-parent/2.6.2/jackson-parent-2.6.2.pom
2016-01-15 16:44:28,013 [Worker-6] INFO  o.e.m.c.i.e.AbstractTransferListenerAdapter - Downloaded https://repo.pointclickcare.com/artifactory/public/com/fasterxml/jackson/jackson-parent/2.6.2/jackson-parent-2.6.2.pom
2016-01-15 16:44:28,097 [Worker-6] INFO  o.e.m.c.i.e.AbstractTransferListenerAdapter - Downloading https://repo.pointclickcare.com/artifactory/public/com/fasterxml/oss-parent/24/oss-parent-24.pom
2016-01-15 16:44:28,136 [Worker-6] INFO  o.e.m.c.i.e.AbstractTransferListenerAdapter - Downloaded https://repo.pointclickcare.com/artifactory/public/com/fasterxml/oss-parent/24/oss-parent-24.pom
2016-01-15 16:44:28,191 [Worker-6] INFO  o.e.m.c.i.e.AbstractTransferListenerAdapter - Downloading https://repo.pointclickcare.com/artifactory/public/com/fasterxml/jackson/core/jackson-annotations/2.6.4/jackson-annotations-2.6.4.pom
2016-01-15 16:44:28,224 [Worker-6] INFO  o.e.m.c.i.e.AbstractTransferListenerAdapter - Downloaded https://repo.pointclickcare.com/artifactory/public/com/fasterxml/jackson/core/jackson-annotations/2.6.4/jackson-annotations-2.6.4.pom
2016-01-15 16:44:28,314 [Worker-6] INFO  o.e.m.c.i.e.AbstractTransferListenerAdapter - Downloading https://repo.pointclickcare.com/artifactory/public/com/fasterxml/jackson/jackson-parent/2.6.1/jackson-parent-2.6.1.pom
2016-01-15 16:44:28,341 [Worker-6] INFO  o.e.m.c.i.e.AbstractTransferListenerAdapter - Downloaded https://repo.pointclickcare.com/artifactory/public/com/fasterxml/jackson/jackson-parent/2.6.1/jackson-parent-2.6.1.pom
2016-01-15 16:44:28,394 [Worker-6] INFO  o.e.m.c.i.e.AbstractTransferListenerAdapter - Downloading https://repo.pointclickcare.com/artifactory/public/com/fasterxml/oss-parent/23/oss-parent-23.pom
2016-01-15 16:44:28,419 [Worker-6] INFO  o.e.m.c.i.e.AbstractTransferListenerAdapter - Downloaded https://repo.pointclickcare.com/artifactory/public/com/fasterxml/oss-parent/23/oss-parent-23.pom
2016-01-15 16:44:28,457 [Worker-6] INFO  o.e.m.c.i.e.AbstractTransferListenerAdapter - Downloading https://repo.pointclickcare.com/artifactory/public/com/fasterxml/jackson/core/jackson-core/2.6.4/jackson-core-2.6.4.pom
2016-01-15 16:44:28,490 [Worker-6] INFO  o.e.m.c.i.e.AbstractTransferListenerAdapter - Downloaded https://repo.pointclickcare.com/artifactory/public/com/fasterxml/jackson/core/jackson-core/2.6.4/jackson-core-2.6.4.pom
2016-01-15 16:44:28,555 [Worker-6] INFO  o.e.m.c.i.e.AbstractTransferListenerAdapter - Downloading https://repo.pointclickcare.com/artifactory/public/org/springframework/spring-web/4.2.4.RELEASE/spring-web-4.2.4.RELEASE.pom
2016-01-15 16:44:28,586 [Worker-6] INFO  o.e.m.c.i.e.AbstractTransferListenerAdapter - Downloaded https://repo.pointclickcare.com/artifactory/public/org/springframework/spring-web/4.2.4.RELEASE/spring-web-4.2.4.RELEASE.pom
2016-01-15 16:44:28,657 [Worker-6] INFO  o.e.m.c.i.e.AbstractTransferListenerAdapter - Downloading https://repo.pointclickcare.com/artifactory/public/org/springframework/spring-webmvc/4.2.4.RELEASE/spring-webmvc-4.2.4.RELEASE.pom
2016-01-15 16:44:28,692 [Worker-6] INFO  o.e.m.c.i.e.AbstractTransferListenerAdapter - Downloaded https://repo.pointclickcare.com/artifactory/public/org/springframework/spring-webmvc/4.2.4.RELEASE/spring-webmvc-4.2.4.RELEASE.pom
2016-01-15 16:44:28,765 [Worker-6] INFO  o.e.m.c.i.e.AbstractTransferListenerAdapter - Downloading https://repo.pointclickcare.com/artifactory/public/org/springframework/boot/spring-boot-starter-web/1.3.1.RELEASE/spring-boot-starter-web-1.3.1.RELEASE.jar
2016-01-15 16:44:28,795 [Worker-6] INFO  o.e.m.c.i.e.AbstractTransferListenerAdapter - Downloaded https://repo.pointclickcare.com/artifactory/public/org/springframework/boot/spring-boot-starter-web/1.3.1.RELEASE/spring-boot-starter-web-1.3.1.RELEASE.jar
2016-01-15 16:44:28,837 [Worker-6] INFO  o.e.m.c.i.e.AbstractTransferListenerAdapter - Downloading https://repo.pointclickcare.com/artifactory/public/org/springframework/boot/spring-boot-starter/1.3.1.RELEASE/spring-boot-starter-1.3.1.RELEASE.jar
2016-01-15 16:44:28,864 [Worker-6] INFO  o.e.m.c.i.e.AbstractTransferListenerAdapter - Downloaded https://repo.pointclickcare.com/artifactory/public/org/springframework/boot/spring-boot-starter/1.3.1.RELEASE/spring-boot-starter-1.3.1.RELEASE.jar
2016-01-15 16:44:28,908 [Worker-6] INFO  o.e.m.c.i.e.AbstractTransferListenerAdapter - Downloading https://repo.pointclickcare.com/artifactory/public/org/springframework/boot/spring-boot/1.3.1.RELEASE/spring-boot-1.3.1.RELEASE.jar
2016-01-15 16:44:29,017 [Worker-6] INFO  o.e.m.c.i.e.AbstractTransferListenerAdapter - Downloaded https://repo.pointclickcare.com/artifactory/public/org/springframework/boot/spring-boot/1.3.1.RELEASE/spring-boot-1.3.1.RELEASE.jar
2016-01-15 16:44:29,085 [Worker-6] INFO  o.e.m.c.i.e.AbstractTransferListenerAdapter - Downloading https://repo.pointclickcare.com/artifactory/public/org/springframework/boot/spring-boot-autoconfigure/1.3.1.RELEASE/spring-boot-autoconfigure-1.3.1.RELEASE.jar
2016-01-15 16:44:29,227 [Worker-6] INFO  o.e.m.c.i.e.AbstractTransferListenerAdapter - Downloaded https://repo.pointclickcare.com/artifactory/public/org/springframework/boot/spring-boot-autoconfigure/1.3.1.RELEASE/spring-boot-autoconfigure-1.3.1.RELEASE.jar
2016-01-15 16:44:29,274 [Worker-6] INFO  o.e.m.c.i.e.AbstractTransferListenerAdapter - Downloading https://repo.pointclickcare.com/artifactory/public/org/springframework/boot/spring-boot-starter-logging/1.3.1.RELEASE/spring-boot-starter-logging-1.3.1.RELEASE.jar
2016-01-15 16:44:29,304 [Worker-6] INFO  o.e.m.c.i.e.AbstractTransferListenerAdapter - Downloaded https://repo.pointclickcare.com/artifactory/public/org/springframework/boot/spring-boot-starter-logging/1.3.1.RELEASE/spring-boot-starter-logging-1.3.1.RELEASE.jar
2016-01-15 16:44:29,364 [Worker-6] INFO  o.e.m.c.i.e.AbstractTransferListenerAdapter - Downloading https://repo.pointclickcare.com/artifactory/public/ch/qos/logback/logback-classic/1.1.3/logback-classic-1.1.3.jar
2016-01-15 16:44:29,833 [Worker-6] INFO  o.e.m.c.i.e.AbstractTransferListenerAdapter - Downloaded https://repo.pointclickcare.com/artifactory/public/ch/qos/logback/logback-classic/1.1.3/logback-classic-1.1.3.jar
2016-01-15 16:44:29,871 [Worker-6] INFO  o.e.m.c.i.e.AbstractTransferListenerAdapter - Downloading https://repo.pointclickcare.com/artifactory/public/ch/qos/logback/logback-core/1.1.3/logback-core-1.1.3.jar
2016-01-15 16:44:29,943 [Worker-6] INFO  o.e.m.c.i.e.AbstractTransferListenerAdapter - Downloaded https://repo.pointclickcare.com/artifactory/public/ch/qos/logback/logback-core/1.1.3/logback-core-1.1.3.jar
2016-01-15 16:44:29,996 [Worker-6] INFO  o.e.m.c.i.e.AbstractTransferListenerAdapter - Downloading https://repo.pointclickcare.com/artifactory/public/org/slf4j/slf4j-api/1.7.13/slf4j-api-1.7.13.jar
2016-01-15 16:44:30,021 [Worker-6] INFO  o.e.m.c.i.e.AbstractTransferListenerAdapter - Downloaded https://repo.pointclickcare.com/artifactory/public/org/slf4j/slf4j-api/1.7.13/slf4j-api-1.7.13.jar
2016-01-15 16:44:30,042 [Worker-6] INFO  o.e.m.c.i.e.AbstractTransferListenerAdapter - Downloading https://repo.pointclickcare.com/artifactory/public/org/slf4j/jcl-over-slf4j/1.7.13/jcl-over-slf4j-1.7.13.jar
2016-01-15 16:44:30,065 [Worker-6] INFO  o.e.m.c.i.e.AbstractTransferListenerAdapter - Downloaded https://repo.pointclickcare.com/artifactory/public/org/slf4j/jcl-over-slf4j/1.7.13/jcl-over-slf4j-1.7.13.jar
2016-01-15 16:44:30,113 [Worker-6] INFO  o.e.m.c.i.e.AbstractTransferListenerAdapter - Downloading https://repo.pointclickcare.com/artifactory/public/org/slf4j/jul-to-slf4j/1.7.13/jul-to-slf4j-1.7.13.jar
2016-01-15 16:44:30,141 [Worker-6] INFO  o.e.m.c.i.e.AbstractTransferListenerAdapter - Downloaded https://repo.pointclickcare.com/artifactory/public/org/slf4j/jul-to-slf4j/1.7.13/jul-to-slf4j-1.7.13.jar
2016-01-15 16:44:30,180 [Worker-6] INFO  o.e.m.c.i.e.AbstractTransferListenerAdapter - Downloading https://repo.pointclickcare.com/artifactory/public/org/slf4j/log4j-over-slf4j/1.7.13/log4j-over-slf4j-1.7.13.jar
2016-01-15 16:44:30,203 [Worker-6] INFO  o.e.m.c.i.e.AbstractTransferListenerAdapter - Downloaded https://repo.pointclickcare.com/artifactory/public/org/slf4j/log4j-over-slf4j/1.7.13/log4j-over-slf4j-1.7.13.jar
2016-01-15 16:44:30,256 [Worker-6] INFO  o.e.m.c.i.e.AbstractTransferListenerAdapter - Downloading https://repo.pointclickcare.com/artifactory/public/org/springframework/spring-core/4.2.4.RELEASE/spring-core-4.2.4.RELEASE.jar
2016-01-15 16:44:30,380 [Worker-6] INFO  o.e.m.c.i.e.AbstractTransferListenerAdapter - Downloaded https://repo.pointclickcare.com/artifactory/public/org/springframework/spring-core/4.2.4.RELEASE/spring-core-4.2.4.RELEASE.jar
2016-01-15 16:44:30,414 [Worker-6] INFO  o.e.m.c.i.e.AbstractTransferListenerAdapter - Downloading https://repo.pointclickcare.com/artifactory/public/org/yaml/snakeyaml/1.16/snakeyaml-1.16.jar
2016-01-15 16:44:30,480 [Worker-6] INFO  o.e.m.c.i.e.AbstractTransferListenerAdapter - Downloaded https://repo.pointclickcare.com/artifactory/public/org/yaml/snakeyaml/1.16/snakeyaml-1.16.jar
2016-01-15 16:44:30,510 [Worker-6] INFO  o.e.m.c.i.e.AbstractTransferListenerAdapter - Downloading https://repo.pointclickcare.com/artifactory/public/org/springframework/boot/spring-boot-starter-tomcat/1.3.1.RELEASE/spring-boot-starter-tomcat-1.3.1.RELEASE.jar
2016-01-15 16:44:30,533 [Worker-6] INFO  o.e.m.c.i.e.AbstractTransferListenerAdapter - Downloaded https://repo.pointclickcare.com/artifactory/public/org/springframework/boot/spring-boot-starter-tomcat/1.3.1.RELEASE/spring-boot-starter-tomcat-1.3.1.RELEASE.jar
2016-01-15 16:44:30,587 [Worker-6] INFO  o.e.m.c.i.e.AbstractTransferListenerAdapter - Downloading https://repo.pointclickcare.com/artifactory/public/org/apache/tomcat/embed/tomcat-embed-core/8.0.30/tomcat-embed-core-8.0.30.jar
2016-01-15 16:44:30,790 [Worker-6] INFO  o.e.m.c.i.e.AbstractTransferListenerAdapter - Downloaded https://repo.pointclickcare.com/artifactory/public/org/apache/tomcat/embed/tomcat-embed-core/8.0.30/tomcat-embed-core-8.0.30.jar
2016-01-15 16:44:30,832 [Worker-6] INFO  o.e.m.c.i.e.AbstractTransferListenerAdapter - Downloading https://repo.pointclickcare.com/artifactory/public/org/apache/tomcat/embed/tomcat-embed-el/8.0.30/tomcat-embed-el-8.0.30.jar
2016-01-15 16:44:30,892 [Worker-6] INFO  o.e.m.c.i.e.AbstractTransferListenerAdapter - Downloaded https://repo.pointclickcare.com/artifactory/public/org/apache/tomcat/embed/tomcat-embed-el/8.0.30/tomcat-embed-el-8.0.30.jar
2016-01-15 16:44:30,923 [Worker-6] INFO  o.e.m.c.i.e.AbstractTransferListenerAdapter - Downloading https://repo.pointclickcare.com/artifactory/public/org/apache/tomcat/embed/tomcat-embed-logging-juli/8.0.30/tomcat-embed-logging-juli-8.0.30.jar
2016-01-15 16:44:30,949 [Worker-6] INFO  o.e.m.c.i.e.AbstractTransferListenerAdapter - Downloaded https://repo.pointclickcare.com/artifactory/public/org/apache/tomcat/embed/tomcat-embed-logging-juli/8.0.30/tomcat-embed-logging-juli-8.0.30.jar
2016-01-15 16:44:30,979 [Worker-6] INFO  o.e.m.c.i.e.AbstractTransferListenerAdapter - Downloading https://repo.pointclickcare.com/artifactory/public/org/apache/tomcat/embed/tomcat-embed-websocket/8.0.30/tomcat-embed-websocket-8.0.30.jar
2016-01-15 16:44:31,024 [Worker-6] INFO  o.e.m.c.i.e.AbstractTransferListenerAdapter - Downloaded https://repo.pointclickcare.com/artifactory/public/org/apache/tomcat/embed/tomcat-embed-websocket/8.0.30/tomcat-embed-websocket-8.0.30.jar
2016-01-15 16:44:31,051 [Worker-6] INFO  o.e.m.c.i.e.AbstractTransferListenerAdapter - Downloading https://repo.pointclickcare.com/artifactory/public/org/springframework/boot/spring-boot-starter-validation/1.3.1.RELEASE/spring-boot-starter-validation-1.3.1.RELEASE.jar
2016-01-15 16:44:31,079 [Worker-6] INFO  o.e.m.c.i.e.AbstractTransferListenerAdapter - Downloaded https://repo.pointclickcare.com/artifactory/public/org/springframework/boot/spring-boot-starter-validation/1.3.1.RELEASE/spring-boot-starter-validation-1.3.1.RELEASE.jar
2016-01-15 16:44:31,130 [Worker-6] INFO  o.e.m.c.i.e.AbstractTransferListenerAdapter - Downloading https://repo.pointclickcare.com/artifactory/public/org/hibernate/hibernate-validator/5.2.2.Final/hibernate-validator-5.2.2.Final.jar
2016-01-15 16:44:31,250 [Worker-6] INFO  o.e.m.c.i.e.AbstractTransferListenerAdapter - Downloaded https://repo.pointclickcare.com/artifactory/public/org/hibernate/hibernate-validator/5.2.2.Final/hibernate-validator-5.2.2.Final.jar
2016-01-15 16:44:31,364 [Worker-6] INFO  o.e.m.c.i.e.AbstractTransferListenerAdapter - Downloading https://repo.pointclickcare.com/artifactory/public/org/jboss/logging/jboss-logging/3.3.0.Final/jboss-logging-3.3.0.Final.jar
2016-01-15 16:44:31,397 [Worker-6] INFO  o.e.m.c.i.e.AbstractTransferListenerAdapter - Downloaded https://repo.pointclickcare.com/artifactory/public/org/jboss/logging/jboss-logging/3.3.0.Final/jboss-logging-3.3.0.Final.jar
2016-01-15 16:44:31,706 [Worker-6] INFO  o.e.m.c.i.e.AbstractTransferListenerAdapter - Downloading https://repo.pointclickcare.com/artifactory/public/com/fasterxml/classmate/1.1.0/classmate-1.1.0.jar
2016-01-15 16:44:31,757 [Worker-6] INFO  o.e.m.c.i.e.AbstractTransferListenerAdapter - Downloaded https://repo.pointclickcare.com/artifactory/public/com/fasterxml/classmate/1.1.0/classmate-1.1.0.jar
2016-01-15 16:44:31,884 [Worker-6] INFO  o.e.m.c.i.e.AbstractTransferListenerAdapter - Downloading https://repo.pointclickcare.com/artifactory/public/com/fasterxml/jackson/core/jackson-databind/2.6.4/jackson-databind-2.6.4.jar
2016-01-15 16:44:32,082 [Worker-6] INFO  o.e.m.c.i.e.AbstractTransferListenerAdapter - Downloaded https://repo.pointclickcare.com/artifactory/public/com/fasterxml/jackson/core/jackson-databind/2.6.4/jackson-databind-2.6.4.jar
2016-01-15 16:44:32,341 [Worker-6] INFO  o.e.m.c.i.e.AbstractTransferListenerAdapter - Downloading https://repo.pointclickcare.com/artifactory/public/com/fasterxml/jackson/core/jackson-annotations/2.6.4/jackson-annotations-2.6.4.jar
2016-01-15 16:44:32,370 [Worker-6] INFO  o.e.m.c.i.e.AbstractTransferListenerAdapter - Downloaded https://repo.pointclickcare.com/artifactory/public/com/fasterxml/jackson/core/jackson-annotations/2.6.4/jackson-annotations-2.6.4.jar
2016-01-15 16:44:32,409 [Worker-6] INFO  o.e.m.c.i.e.AbstractTransferListenerAdapter - Downloading https://repo.pointclickcare.com/artifactory/public/com/fasterxml/jackson/core/jackson-core/2.6.4/jackson-core-2.6.4.jar
2016-01-15 16:44:32,484 [Worker-6] INFO  o.e.m.c.i.e.AbstractTransferListenerAdapter - Downloaded https://repo.pointclickcare.com/artifactory/public/com/fasterxml/jackson/core/jackson-core/2.6.4/jackson-core-2.6.4.jar
2016-01-15 16:44:32,798 [Worker-6] INFO  o.e.m.c.i.e.AbstractTransferListenerAdapter - Downloading https://repo.pointclickcare.com/artifactory/public/org/springframework/spring-web/4.2.4.RELEASE/spring-web-4.2.4.RELEASE.jar
2016-01-15 16:44:33,118 [Worker-6] INFO  o.e.m.c.i.e.AbstractTransferListenerAdapter - Downloaded https://repo.pointclickcare.com/artifactory/public/org/springframework/spring-web/4.2.4.RELEASE/spring-web-4.2.4.RELEASE.jar
2016-01-15 16:44:33,156 [Worker-6] INFO  o.e.m.c.i.e.AbstractTransferListenerAdapter - Downloading https://repo.pointclickcare.com/artifactory/public/org/springframework/spring-aop/4.2.4.RELEASE/spring-aop-4.2.4.RELEASE.jar
2016-01-15 16:44:33,301 [Worker-6] INFO  o.e.m.c.i.e.AbstractTransferListenerAdapter - Downloaded https://repo.pointclickcare.com/artifactory/public/org/springframework/spring-aop/4.2.4.RELEASE/spring-aop-4.2.4.RELEASE.jar
2016-01-15 16:44:33,324 [Worker-6] INFO  o.e.m.c.i.e.AbstractTransferListenerAdapter - Downloading https://repo.pointclickcare.com/artifactory/public/org/springframework/spring-beans/4.2.4.RELEASE/spring-beans-4.2.4.RELEASE.jar
2016-01-15 16:44:33,439 [Worker-6] INFO  o.e.m.c.i.e.AbstractTransferListenerAdapter - Downloaded https://repo.pointclickcare.com/artifactory/public/org/springframework/spring-beans/4.2.4.RELEASE/spring-beans-4.2.4.RELEASE.jar
2016-01-15 16:44:33,460 [Worker-6] INFO  o.e.m.c.i.e.AbstractTransferListenerAdapter - Downloading https://repo.pointclickcare.com/artifactory/public/org/springframework/spring-context/4.2.4.RELEASE/spring-context-4.2.4.RELEASE.jar
2016-01-15 16:44:33,639 [Worker-6] INFO  o.e.m.c.i.e.AbstractTransferListenerAdapter - Downloaded https://repo.pointclickcare.com/artifactory/public/org/springframework/spring-context/4.2.4.RELEASE/spring-context-4.2.4.RELEASE.jar
2016-01-15 16:44:33,662 [Worker-6] INFO  o.e.m.c.i.e.AbstractTransferListenerAdapter - Downloading https://repo.pointclickcare.com/artifactory/public/org/springframework/spring-webmvc/4.2.4.RELEASE/spring-webmvc-4.2.4.RELEASE.jar
2016-01-15 16:44:33,734 [Worker-6] INFO  o.e.m.c.i.e.AbstractTransferListenerAdapter - Downloaded https://repo.pointclickcare.com/artifactory/public/org/springframework/spring-webmvc/4.2.4.RELEASE/spring-webmvc-4.2.4.RELEASE.jar
2016-01-15 16:44:33,778 [Worker-6] INFO  o.e.m.c.i.e.AbstractTransferListenerAdapter - Downloading https://repo.pointclickcare.com/artifactory/public/org/springframework/spring-expression/4.2.4.RELEASE/spring-expression-4.2.4.RELEASE.jar
2016-01-15 16:44:33,852 [Worker-6] INFO  o.e.m.c.i.e.AbstractTransferListenerAdapter - Downloaded https://repo.pointclickcare.com/artifactory/public/org/springframework/spring-expression/4.2.4.RELEASE/spring-expression-4.2.4.RELEASE.jar
2016-01-15 16:44:36,063 [Worker-6] INFO  o.e.m.c.i.embedder.EclipseLogger - Using 'UTF-8' encoding to copy filtered resources.
2016-01-15 16:44:36,063 [Worker-6] INFO  o.e.m.c.i.embedder.EclipseLogger - skip non existing resourceDirectory C:\git-repository\Java-Reference-Code\REST with Spring Boot\workspace\springbootrest\src\main\resources
2016-01-15 16:44:36,063 [Worker-6] INFO  o.e.m.c.i.embedder.EclipseLogger - skip non existing resourceDirectory C:\git-repository\Java-Reference-Code\REST with Spring Boot\workspace\springbootrest\src\main\resources
2016-01-15 16:44:36,068 [Worker-6] INFO  o.e.m.c.i.embedder.EclipseLogger - Using 'UTF-8' encoding to copy filtered resources.
2016-01-15 16:44:36,068 [Worker-6] INFO  o.e.m.c.i.embedder.EclipseLogger - skip non existing resourceDirectory C:\git-repository\Java-Reference-Code\REST with Spring Boot\workspace\springbootrest\src\test\resources
2016-01-15 16:44:36,867 [Worker-10] INFO  o.e.m.c.i.p.ProjectConfigurationManager - Update started
2016-01-15 16:44:37,952 [Worker-10] INFO  o.e.m.c.i.l.LifecycleMappingFactory - Using org.eclipse.m2e.jdt.JarLifecycleMapping lifecycle mapping for MavenProject: com.surefor.app:springbootrest:0.0.1-SNAPSHOT @ C:\git-repository\Java-Reference-Code\REST with Spring Boot\workspace\springbootrest\pom.xml.
2016-01-15 16:44:39,108 [Worker-10] INFO  o.e.m.j.i.AbstractJavaProjectConfigurator - Adding source folder /springbootrest/src/main/java
2016-01-15 16:44:39,109 [Worker-10] INFO  o.e.m.j.i.AbstractJavaProjectConfigurator - Adding source folder /springbootrest/src/test/java
2016-01-15 16:44:40,774 [Worker-10] INFO  o.e.m.c.i.p.ProjectConfigurationManager - Update completed: 3 sec
2016-01-15 16:44:41,512 [Worker-0] INFO  o.e.m.c.i.embedder.EclipseLogger - Using 'UTF-8' encoding to copy filtered resources.
2016-01-15 16:44:41,512 [Worker-0] INFO  o.e.m.c.i.embedder.EclipseLogger - skip non existing resourceDirectory C:\git-repository\Java-Reference-Code\REST with Spring Boot\workspace\springbootrest\src\main\resources
2016-01-15 16:44:41,512 [Worker-0] INFO  o.e.m.c.i.embedder.EclipseLogger - skip non existing resourceDirectory C:\git-repository\Java-Reference-Code\REST with Spring Boot\workspace\springbootrest\src\main\resources
2016-01-15 16:44:41,516 [Worker-0] INFO  o.e.m.c.i.embedder.EclipseLogger - Using 'UTF-8' encoding to copy filtered resources.
2016-01-15 16:44:41,516 [Worker-0] INFO  o.e.m.c.i.embedder.EclipseLogger - skip non existing resourceDirectory C:\git-repository\Java-Reference-Code\REST with Spring Boot\workspace\springbootrest\src\test\resources
2016-01-15 16:45:27,900 [Worker-9] INFO  o.e.m.c.i.embedder.EclipseLogger - Using 'UTF-8' encoding to copy filtered resources.
2016-01-15 16:45:27,900 [Worker-9] INFO  o.e.m.c.i.embedder.EclipseLogger - skip non existing resourceDirectory C:\git-repository\Java-Reference-Code\REST with Spring Boot\workspace\springbootrest\src\main\resources
2016-01-15 16:45:27,901 [Worker-9] INFO  o.e.m.c.i.embedder.EclipseLogger - skip non existing resourceDirectory C:\git-repository\Java-Reference-Code\REST with Spring Boot\workspace\springbootrest\src\main\resources
2016-01-15 16:45:27,903 [Worker-9] INFO  o.e.m.c.i.embedder.EclipseLogger - Using 'UTF-8' encoding to copy filtered resources.
2016-01-15 16:45:27,904 [Worker-9] INFO  o.e.m.c.i.embedder.EclipseLogger - skip non existing resourceDirectory C:\git-repository\Java-Reference-Code\REST with Spring Boot\workspace\springbootrest\src\test\resources
2016-01-15 16:45:53,069 [Worker-1] INFO  o.e.m.c.i.embedder.EclipseLogger - Using 'UTF-8' encoding to copy filtered resources.
2016-01-15 16:45:53,073 [Worker-1] INFO  o.e.m.c.i.embedder.EclipseLogger - skip non existing resourceDirectory C:\git-repository\Java-Reference-Code\REST with Spring Boot\workspace\springbootrest\src\main\resources
2016-01-15 16:45:53,073 [Worker-1] INFO  o.e.m.c.i.embedder.EclipseLogger - skip non existing resourceDirectory C:\git-repository\Java-Reference-Code\REST with Spring Boot\workspace\springbootrest\src\main\resources
2016-01-15 16:45:53,076 [Worker-1] INFO  o.e.m.c.i.embedder.EclipseLogger - Using 'UTF-8' encoding to copy filtered resources.
2016-01-15 16:45:53,077 [Worker-1] INFO  o.e.m.c.i.embedder.EclipseLogger - skip non existing resourceDirectory C:\git-repository\Java-Reference-Code\REST with Spring Boot\workspace\springbootrest\src\test\resources
2016-01-15 16:46:04,241 [Worker-6] INFO  o.e.m.c.i.embedder.EclipseLogger - Using 'UTF-8' encoding to copy filtered resources.
2016-01-15 16:46:04,242 [Worker-6] INFO  o.e.m.c.i.embedder.EclipseLogger - skip non existing resourceDirectory C:\git-repository\Java-Reference-Code\REST with Spring Boot\workspace\springbootrest\src\main\resources
2016-01-15 16:46:04,242 [Worker-6] INFO  o.e.m.c.i.embedder.EclipseLogger - skip non existing resourceDirectory C:\git-repository\Java-Reference-Code\REST with Spring Boot\workspace\springbootrest\src\main\resources
2016-01-15 16:46:04,244 [Worker-6] INFO  o.e.m.c.i.embedder.EclipseLogger - Using 'UTF-8' encoding to copy filtered resources.
2016-01-15 16:46:04,244 [Worker-6] INFO  o.e.m.c.i.embedder.EclipseLogger - skip non existing resourceDirectory C:\git-repository\Java-Reference-Code\REST with Spring Boot\workspace\springbootrest\src\test\resources
